<?xml version="1.0" encoding="UTF-8"?>
<!-- Generated by org.testng.reporters.JUnitXMLReporter -->
<testsuite hostname="鲁奇伟" ignored="0" name="Surefire test" tests="5" failures="0" timestamp="10 一月 2019 06:01:46 GMT" time="0.221" errors="0">
  <testcase name="isMatchTest" time="0.137" classname="util.AssertUtilTest"/>
  <testcase name="superAssertTest" time="0.006" classname="util.AssertUtilTest"/>
  <testcase name="getValueTest" time="0.031" classname="util.JSONUtilTest"/>
  <testcase name="json2MapTest" time="0.0" classname="util.JSONUtilTest"/>
  <testcase name="generateChineseNameTest" time="0.023" classname="util.GeneratorUtilTest"/>
</testsuite> <!-- Surefire test -->
