<?xml version="1.0" encoding="UTF-8"?>
<testsuite xmlns:xsi="http://www.w3.org/2001/XMLSchema-instance" xsi:noNamespaceSchemaLocation="https://maven.apache.org/surefire/maven-surefire-plugin/xsd/surefire-test-report.xsd" name="TestSuite" time="1.023" tests="5" errors="0" skipped="0" failures="0">
  <properties>
[...]
</properties>
  <testcase name="isMatchTest" classname="util.AssertUtilTest" time="0.137"/>
  <testcase name="superAssertTest" classname="util.AssertUtilTest" time="0.004"/>
  <testcase name="getValueTest" classname="util.JSONUtilTest" time="0.031"/>
  <testcase name="json2MapTest" classname="util.JSONUtilTest" time="0.001"/>
  <testcase name="generateChineseNameTest" classname="util.GeneratorUtilTest" time="0.023"/>
</testsuite>